d:\studia\projekt_space_shooter\source\release\vc142.pdb
d:\studia\projekt_space_shooter\source\release\glad.obj
d:\studia\projekt_space_shooter\source\release\stb_image.obj
d:\studia\projekt_space_shooter\source\release\glm.obj
d:\studia\projekt_space_shooter\source\release\texture.obj
d:\studia\projekt_space_shooter\source\release\spriterenderer.obj
d:\studia\projekt_space_shooter\source\release\space.obj
d:\studia\projekt_space_shooter\source\release\showwin.obj
d:\studia\projekt_space_shooter\source\release\showlose.obj
d:\studia\projekt_space_shooter\source\release\shader.obj
d:\studia\projekt_space_shooter\source\release\main.obj
d:\studia\projekt_space_shooter\source\release\littleenemy.obj
d:\studia\projekt_space_shooter\source\release\input.obj
d:\studia\projekt_space_shooter\source\release\heart.obj
d:\studia\projekt_space_shooter\source\release\healthbar.obj
d:\studia\projekt_space_shooter\source\release\gameobject.obj
d:\studia\projekt_space_shooter\source\release\game.obj
d:\studia\projekt_space_shooter\source\release\enemyspawnmanager.obj
d:\studia\projekt_space_shooter\source\release\bullet.obj
d:\studia\projekt_space_shooter\source\release\boss.obj
d:\studia\projekt_space_shooter\source\release\background.obj
d:\studia\projekt_space_shooter\source\release\spaceshooter.exe
d:\studia\projekt_space_shooter\source\release\spaceshooter.pdb
d:\studia\projekt_space_shooter\source\release\spaceshooter.ipdb
d:\studia\projekt_space_shooter\source\release\spaceshooter.iobj
d:\studia\projekt_space_shooter\source\release\spaceshooter.tlog\cl.command.1.tlog
d:\studia\projekt_space_shooter\source\release\spaceshooter.tlog\cl.read.1.tlog
d:\studia\projekt_space_shooter\source\release\spaceshooter.tlog\cl.write.1.tlog
d:\studia\projekt_space_shooter\source\release\spaceshooter.tlog\link.command.1.tlog
d:\studia\projekt_space_shooter\source\release\spaceshooter.tlog\link.read.1.tlog
d:\studia\projekt_space_shooter\source\release\spaceshooter.tlog\link.write.1.tlog
d:\studia\projekt_space_shooter\source\release\spaceshooter.tlog\spaceshooter.write.1u.tlog
