C:\Program Files (x86)\Microsoft Visual Studio\2019\Enterprise\MSBuild\Microsoft\VC\v160\Microsoft.CppBuild.targets(498,5): warning MSB8004: Katalog Intermediate nie kończy się ukośnikiem. To wystąpienie kompilacji doda ukośnik, ponieważ jest on niezbędny, aby możliwa była poprawna ocena katalogu Intermediate.
  glad.c
  BackGround.cpp
  Boss.cpp
  Bullet.cpp
  EnemySpawnManager.cpp
D:\studia\Projekt_Space_Shooter\source\SpaceShooter\src\EnemySpawnManager.cpp(31,21): warning C4018: "<": niezgodność typu ze znakiem/bez znaku
D:\studia\Projekt_Space_Shooter\source\SpaceShooter\src\EnemySpawnManager.cpp(46,21): warning C4018: "<": niezgodność typu ze znakiem/bez znaku
D:\studia\Projekt_Space_Shooter\source\SpaceShooter\src\EnemySpawnManager.cpp(55,12): warning C4244: "inicjowanie": konwersja z "int" do "float", możliwa utrata danych
D:\studia\Projekt_Space_Shooter\source\SpaceShooter\src\EnemySpawnManager.cpp(64,20): warning C4018: "<": niezgodność typu ze znakiem/bez znaku
  Game.cpp
D:\studia\Projekt_Space_Shooter\source\SpaceShooter\src\Game.cpp(157,21): warning C4018: "<": niezgodność typu ze znakiem/bez znaku
D:\studia\Projekt_Space_Shooter\source\SpaceShooter\src\Game.cpp(174,21): warning C4018: "<": niezgodność typu ze znakiem/bez znaku
D:\studia\Projekt_Space_Shooter\source\SpaceShooter\src\Game.cpp(179,22): warning C4018: "<": niezgodność typu ze znakiem/bez znaku
D:\studia\Projekt_Space_Shooter\source\SpaceShooter\src\Game.cpp(220,21): warning C4018: "<": niezgodność typu ze znakiem/bez znaku
D:\studia\Projekt_Space_Shooter\source\SpaceShooter\src\Game.cpp(239,21): warning C4018: "<": niezgodność typu ze znakiem/bez znaku
  GameObject.cpp
  HealthBar.cpp
  Heart.cpp
  Input.cpp
  LittleEnemy.cpp
D:\studia\Projekt_Space_Shooter\source\SpaceShooter\src\LittleEnemy.cpp(19,29): warning C4244: "=": konwersja z "float" do "int", możliwa utrata danych
D:\studia\Projekt_Space_Shooter\source\SpaceShooter\src\LittleEnemy.cpp(53,26): warning C4244: "=": konwersja z "int" do "float", możliwa utrata danych
D:\studia\Projekt_Space_Shooter\source\SpaceShooter\src\LittleEnemy.cpp(62,17): warning C4244: "argument": konwersja z "int" do "float", możliwa utrata danych
D:\studia\Projekt_Space_Shooter\source\SpaceShooter\src\LittleEnemy.cpp(63,39): warning C4244: "=": konwersja z "float" do "int", możliwa utrata danych
D:\studia\Projekt_Space_Shooter\source\SpaceShooter\src\LittleEnemy.cpp(69,17): warning C4244: "argument": konwersja z "int" do "float", możliwa utrata danych
  main.cpp
D:\studia\Projekt_Space_Shooter\source\SpaceShooter\src\main.cpp(56,34): warning C4244: "=": konwersja z "double" do "float", możliwa utrata danych
  Shader.cpp
  showLose.cpp
  ShowWin.cpp
  Space.cpp
  SpriteRenderer.cpp
  Texture.cpp
  glm.cpp
  stb_image.cpp
  Trwa generowanie kodu
  Previous IPDB not found, fall back to full compilation.
  All 947 functions were compiled because no usable IPDB/IOBJ from previous compilation was found.
  Zakończono generowanie kodu
  SpaceShooter.vcxproj -> D:\studia\Projekt_Space_Shooter\source\Release\SpaceShooter.exe
